Using pre-set license
Built from '2021.2/staging' branch; Version is '2021.2.12f1 (48b1aa000234) revision 4764074'; Using compiler version '192829333'; Build Type 'Release'
OS: 'Windows 11  (10.0.22621) 64bit Professional' Language: 'en' Physical Memory: 32157 MB
BatchMode: 1, IsHumanControllingUs: 0, StartBugReporterOnCrash: 0, Is64bit: 1, IsPro: 0

COMMAND LINE ARGUMENTS:
C:\Program Files\Unity\Hub\Editor\2021.2.12f1\Editor\Unity.exe
-adb2
-batchMode
-noUpm
-name
AssetImportWorker1
-projectPath
C:/Users/usr/Desktop/Github_Folder/Team_Hitagi_Game/HITAGI Team Game
-logFile
Logs/AssetImportWorker1.log
-srvPort
57419
Successfully changed project path to: C:/Users/usr/Desktop/Github_Folder/Team_Hitagi_Game/HITAGI Team Game
C:/Users/usr/Desktop/Github_Folder/Team_Hitagi_Game/HITAGI Team Game
[UnityMemory] Configuration Parameters - Can be set up in boot.config
    "memorysetup-bucket-allocator-granularity=16"
    "memorysetup-bucket-allocator-bucket-count=8"
    "memorysetup-bucket-allocator-block-size=33554432"
    "memorysetup-bucket-allocator-block-count=8"
    "memorysetup-main-allocator-block-size=16777216"
    "memorysetup-thread-allocator-block-size=16777216"
    "memorysetup-gfx-main-allocator-block-size=16777216"
    "memorysetup-gfx-thread-allocator-block-size=16777216"
    "memorysetup-cache-allocator-block-size=4194304"
    "memorysetup-typetree-allocator-block-size=2097152"
    "memorysetup-profiler-bucket-allocator-granularity=16"
    "memorysetup-profiler-bucket-allocator-bucket-count=8"
    "memorysetup-profiler-bucket-allocator-block-size=33554432"
    "memorysetup-profiler-bucket-allocator-block-count=8"
    "memorysetup-profiler-allocator-block-size=16777216"
    "memorysetup-profiler-editor-allocator-block-size=1048576"
    "memorysetup-temp-allocator-size-main=16777216"
    "memorysetup-job-temp-allocator-block-size=2097152"
    "memorysetup-job-temp-allocator-block-size-background=1048576"
    "memorysetup-job-temp-allocator-reduction-small-platforms=262144"
    "memorysetup-temp-allocator-size-background-worker=32768"
    "memorysetup-temp-allocator-size-job-worker=262144"
    "memorysetup-temp-allocator-size-preload-manager=33554432"
    "memorysetup-temp-allocator-size-nav-mesh-worker=65536"
    "memorysetup-temp-allocator-size-audio-worker=65536"
    "memorysetup-temp-allocator-size-cloud-worker=32768"
    "memorysetup-temp-allocator-size-gi-baking-worker=262144"
    "memorysetup-temp-allocator-size-gfx=262144"
Refreshing native plugins compatible for Editor in 110.74 ms, found 4 plugins.
Preloading 0 native plugins for Editor in 0.00 ms.
Initialize engine version: 2021.2.12f1 (48b1aa000234)
[Subsystems] Discovering subsystems at path C:/Program Files/Unity/Hub/Editor/2021.2.12f1/Editor/Data/Resources/UnitySubsystems
[Subsystems] Discovering subsystems at path C:/Users/usr/Desktop/Github_Folder/Team_Hitagi_Game/HITAGI Team Game/Assets
GfxDevice: creating device client; threaded=0; jobified=0
Direct3D:
    Version:  Direct3D 11.0 [level 11.1]
    Renderer: AMD Radeon(TM) Graphics (ID=0x1636)
    Vendor:   ATI
    VRAM:     16078 MB
    Driver:   31.0.12016.3004
Initialize mono
Mono path[0] = 'C:/Program Files/Unity/Hub/Editor/2021.2.12f1/Editor/Data/Managed'
Mono path[1] = 'C:/Program Files/Unity/Hub/Editor/2021.2.12f1/Editor/Data/MonoBleedingEdge/lib/mono/unityjit-win32'
Mono config path = 'C:/Program Files/Unity/Hub/Editor/2021.2.12f1/Editor/Data/MonoBleedingEdge/etc'
Using monoOptions --debugger-agent=transport=dt_socket,embedding=1,server=y,suspend=n,address=127.0.0.1:56672
Begin MonoManager ReloadAssembly
Registering precompiled unity dll's ...
Register platform support module: C:/Program Files/Unity/Hub/Editor/2021.2.12f1/Editor/Data/PlaybackEngines/WindowsStandaloneSupport/UnityEditor.WindowsStandalone.Extensions.dll
Registered in 0.005899 seconds.
Native extension for WindowsStandalone target not found
Refreshing native plugins compatible for Editor in 113.06 ms, found 4 plugins.
Preloading 0 native plugins for Editor in 0.00 ms.
Mono: successfully reloaded assembly
- Completed reload, in  0.829 seconds
Domain Reload Profiling:
	ReloadAssembly (830ms)
		BeginReloadAssembly (81ms)
			ExecutionOrderSort (0ms)
			DisableScriptedObjects (0ms)
			BackupInstance (0ms)
			ReleaseScriptingObjects (0ms)
			CreateAndSetChildDomain (1ms)
		EndReloadAssembly (610ms)
			LoadAssemblies (78ms)
			RebuildTransferFunctionScriptingTraits (0ms)
			SetupTypeCache (138ms)
			ReleaseScriptCaches (0ms)
			RebuildScriptCaches (37ms)
			SetupLoadedEditorAssemblies (370ms)
				LogAssemblyErrors (0ms)
				InitializePlatformSupportModulesInManaged (10ms)
				SetLoadedEditorAssemblies (0ms)
				RefreshPlugins (113ms)
				BeforeProcessingInitializeOnLoad (1ms)
				ProcessInitializeOnLoadAttributes (185ms)
				ProcessInitializeOnLoadMethodAttributes (60ms)
				AfterProcessingInitializeOnLoad (0ms)
				EditorAssembliesLoaded (0ms)
			ExecutionOrderSort2 (0ms)
			AwakeInstancesAfterBackupRestoration (0ms)
Platform modules already initialized, skipping
Registering precompiled user dll's ...
Registered in 0.007856 seconds.
Begin MonoManager ReloadAssembly
Symbol file LoadedFromMemory doesn't match image C:\Users\usr\Desktop\Github_Folder\Team_Hitagi_Game\HITAGI Team Game\Library\PackageCache\com.unity.visualscripting@1.7.6\Editor\VisualScripting.Core\Dependencies\YamlDotNet\Unity.VisualScripting.YamlDotNet.dll
Symbol file LoadedFromMemory doesn't match image C:\Users\usr\Desktop\Github_Folder\Team_Hitagi_Game\HITAGI Team Game\Library\PackageCache\com.unity.visualscripting@1.7.6\Editor\VisualScripting.Core\Dependencies\DotNetZip\Unity.VisualScripting.IonicZip.dll
Native extension for WindowsStandalone target not found
Refreshing native plugins compatible for Editor in 115.61 ms, found 4 plugins.
Preloading 0 native plugins for Editor in 0.00 ms.
Mono: successfully reloaded assembly
- Completed reload, in  1.994 seconds
Domain Reload Profiling:
	ReloadAssembly (1995ms)
		BeginReloadAssembly (138ms)
			ExecutionOrderSort (0ms)
			DisableScriptedObjects (6ms)
			BackupInstance (0ms)
			ReleaseScriptingObjects (0ms)
			CreateAndSetChildDomain (32ms)
		EndReloadAssembly (1696ms)
			LoadAssemblies (92ms)
			RebuildTransferFunctionScriptingTraits (0ms)
			SetupTypeCache (290ms)
			ReleaseScriptCaches (1ms)
			RebuildScriptCaches (74ms)
			SetupLoadedEditorAssemblies (1185ms)
				LogAssemblyErrors (0ms)
				InitializePlatformSupportModulesInManaged (5ms)
				SetLoadedEditorAssemblies (0ms)
				RefreshPlugins (116ms)
				BeforeProcessingInitializeOnLoad (107ms)
				ProcessInitializeOnLoadAttributes (898ms)
				ProcessInitializeOnLoadMethodAttributes (52ms)
				AfterProcessingInitializeOnLoad (7ms)
				EditorAssembliesLoaded (0ms)
			ExecutionOrderSort2 (0ms)
			AwakeInstancesAfterBackupRestoration (7ms)
Platform modules already initialized, skipping
========================================================================
Worker process is ready to serve import requests
Launched and connected shader compiler UnityShaderCompiler.exe after 0.05 seconds
Refreshing native plugins compatible for Editor in 1.18 ms, found 4 plugins.
Preloading 0 native plugins for Editor in 0.00 ms.
Unloading 3913 Unused Serialized files (Serialized files now loaded: 0)
Unloading 40 unused Assets / (225.8 KB). Loaded Objects now: 4366.
Memory consumption went from 147.1 MB to 146.9 MB.
Total: 5.418400 ms (FindLiveObjects: 1.010300 ms CreateObjectMapping: 0.519900 ms MarkObjects: 3.678100 ms  DeleteObjects: 0.208300 ms)

AssetImportParameters requested are different than current active one (requested -> active):
  custom:video-decoder-ogg-theora: a1e56fd34408186e4bbccfd4996cb3dc -> 
  custom:container-muxer-webm: aa71ff27fc2769a1b78a27578f13a17b -> 
  custom:container-demuxer-webm: 4f35f7cbe854078d1ac9338744f61a02 -> 
  custom:video-encoder-webm-vp8: eb34c28f22e8b96e1ab97ce403110664 -> 
  custom:audio-encoder-webm-vorbis: bf7c407c2cedff20999df2af8eb42d56 -> 
  custom:framework-win-MediaFoundation: 216162199b28c13a410421893ffa2e32 -> 
  custom:container-demuxer-ogg: 62fdf1f143b41e24485cea50d1cbac27 -> 
  custom:video-decoder-webm-vp8: 9c59270c3fd7afecdb556c50c9e8de78 -> 
  custom:audio-decoder-ogg-vorbis: bf7c407c2cedff20999df2af8eb42d56 -> 
========================================================================
Received Import Request.
  Time since last request: 28334.309055 seconds.
  path: Assets/Bullet.prefab
  artifactKey: Guid(b801e9c5b0453c146b31cee705a39baf) Importer(815301076,1909f56bfc062723c751e8b465ee728b)
Start importing Assets/Bullet.prefab using Guid(b801e9c5b0453c146b31cee705a39baf) Importer(815301076,1909f56bfc062723c751e8b465ee728b)  -> (artifact id: '48bd820abaedb02d51f9b4f518897e3f') in 0.142075 seconds 
========================================================================
Received Import Request.
  Time since last request: 0.000047 seconds.
  path: Assets/Base_Palette.prefab
  artifactKey: Guid(850e17a079df8b44c8c16b86ed98e0a0) Importer(815301076,1909f56bfc062723c751e8b465ee728b)
Start importing Assets/Base_Palette.prefab using Guid(850e17a079df8b44c8c16b86ed98e0a0) Importer(815301076,1909f56bfc062723c751e8b465ee728b)  -> (artifact id: 'af3c56ebd579cb60a6c09e8512364af8') in 0.509196 seconds 
========================================================================
Received Import Request.
  Time since last request: 0.000163 seconds.
  path: Assets/WIP SPRITES
  artifactKey: Guid(a100e347a5dab94439ea520f0c43b149) Importer(815301076,1909f56bfc062723c751e8b465ee728b)
Start importing Assets/WIP SPRITES using Guid(a100e347a5dab94439ea520f0c43b149) Importer(815301076,1909f56bfc062723c751e8b465ee728b)  -> (artifact id: 'e7d7b2e88402f88cec99be86f6d9fe6d') in 0.007468 seconds 
========================================================================
Received Import Request.
  Time since last request: 0.000052 seconds.
  path: Assets/MC_Idle.png
  artifactKey: Guid(a7bbbd32696037540bfbd04e5d6eea3a) Importer(815301076,1909f56bfc062723c751e8b465ee728b)
Start importing Assets/MC_Idle.png using Guid(a7bbbd32696037540bfbd04e5d6eea3a) Importer(815301076,1909f56bfc062723c751e8b465ee728b)  -> (artifact id: '1395b15bb37268807b1a35f5482b3f3a') in 0.056623 seconds 
========================================================================
Received Import Request.
  Time since last request: 0.000028 seconds.
  path: Assets/Player_Character_Base.png
  artifactKey: Guid(a7db1d4b1ca43f14bae53cfef93492dc) Importer(815301076,1909f56bfc062723c751e8b465ee728b)
Start importing Assets/Player_Character_Base.png using Guid(a7db1d4b1ca43f14bae53cfef93492dc) Importer(815301076,1909f56bfc062723c751e8b465ee728b)  -> (artifact id: 'c2021b9c23c8da20f9fef02fe5f92297') in 0.019734 seconds 
========================================================================
Received Import Request.
  Time since last request: 0.000027 seconds.
  path: Assets/MC_Run.png
  artifactKey: Guid(b0e5f5a87873aae438a84fd0627b581e) Importer(815301076,1909f56bfc062723c751e8b465ee728b)
Start importing Assets/MC_Run.png using Guid(b0e5f5a87873aae438a84fd0627b581e) Importer(815301076,1909f56bfc062723c751e8b465ee728b)  -> (artifact id: '33e2664d154690d0179c2ddb2ce3b27a') in 0.059085 seconds 
========================================================================
Received Import Request.
  Time since last request: 0.000027 seconds.
  path: Assets/Tilemap.prefab
  artifactKey: Guid(b111dcd6546743e47aa2121008230f68) Importer(815301076,1909f56bfc062723c751e8b465ee728b)
Start importing Assets/Tilemap.prefab using Guid(b111dcd6546743e47aa2121008230f68) Importer(815301076,1909f56bfc062723c751e8b465ee728b)  -> (artifact id: '55b69c909e96cb4d75a59822aab70cca') in 0.108689 seconds 
========================================================================
Received Import Request.
  Time since last request: 0.783330 seconds.
  path: Assets/WIP SPRITES/Shotgun_Shot.aseprite
  artifactKey: Guid(caa584b4827b81b43a68cf36e8dc93b3) Importer(815301076,1909f56bfc062723c751e8b465ee728b)
Start importing Assets/WIP SPRITES/Shotgun_Shot.aseprite using Guid(caa584b4827b81b43a68cf36e8dc93b3) Importer(815301076,1909f56bfc062723c751e8b465ee728b)  -> (artifact id: 'a08a71b796240b02e94e0b4ac38c5589') in 0.010836 seconds 
========================================================================
Received Import Request.
  Time since last request: 0.787241 seconds.
  path: Assets/WIP SPRITES/Healing_sketch.aseprite
  artifactKey: Guid(b33d41b914dbc3b40b0f3e6f48a7b89a) Importer(815301076,1909f56bfc062723c751e8b465ee728b)
Start importing Assets/WIP SPRITES/Healing_sketch.aseprite using Guid(b33d41b914dbc3b40b0f3e6f48a7b89a) Importer(815301076,1909f56bfc062723c751e8b465ee728b)  -> (artifact id: '226d27d47898ea91353aeab1280781a6') in 0.007721 seconds 
