Using pre-set license
Built from '2021.2/staging' branch; Version is '2021.2.12f1 (48b1aa000234) revision 4764074'; Using compiler version '192829333'; Build Type 'Release'
OS: 'Windows 11  (10.0.22621) 64bit Professional' Language: 'en' Physical Memory: 32157 MB
BatchMode: 1, IsHumanControllingUs: 0, StartBugReporterOnCrash: 0, Is64bit: 1, IsPro: 0

COMMAND LINE ARGUMENTS:
C:\Program Files\Unity\Hub\Editor\2021.2.12f1\Editor\Unity.exe
-adb2
-batchMode
-noUpm
-name
AssetImportWorker0
-projectPath
C:/Users/usr/Desktop/Github_Folder/Team_Hitagi_Game/HITAGI Team Game
-logFile
Logs/AssetImportWorker0.log
-srvPort
60942
Successfully changed project path to: C:/Users/usr/Desktop/Github_Folder/Team_Hitagi_Game/HITAGI Team Game
C:/Users/usr/Desktop/Github_Folder/Team_Hitagi_Game/HITAGI Team Game
[UnityMemory] Configuration Parameters - Can be set up in boot.config
    "memorysetup-bucket-allocator-granularity=16"
    "memorysetup-bucket-allocator-bucket-count=8"
    "memorysetup-bucket-allocator-block-size=33554432"
    "memorysetup-bucket-allocator-block-count=8"
    "memorysetup-main-allocator-block-size=16777216"
    "memorysetup-thread-allocator-block-size=16777216"
    "memorysetup-gfx-main-allocator-block-size=16777216"
    "memorysetup-gfx-thread-allocator-block-size=16777216"
    "memorysetup-cache-allocator-block-size=4194304"
    "memorysetup-typetree-allocator-block-size=2097152"
    "memorysetup-profiler-bucket-allocator-granularity=16"
    "memorysetup-profiler-bucket-allocator-bucket-count=8"
    "memorysetup-profiler-bucket-allocator-block-size=33554432"
    "memorysetup-profiler-bucket-allocator-block-count=8"
    "memorysetup-profiler-allocator-block-size=16777216"
    "memorysetup-profiler-editor-allocator-block-size=1048576"
    "memorysetup-temp-allocator-size-main=16777216"
    "memorysetup-job-temp-allocator-block-size=2097152"
    "memorysetup-job-temp-allocator-block-size-background=1048576"
    "memorysetup-job-temp-allocator-reduction-small-platforms=262144"
    "memorysetup-temp-allocator-size-background-worker=32768"
    "memorysetup-temp-allocator-size-job-worker=262144"
    "memorysetup-temp-allocator-size-preload-manager=33554432"
    "memorysetup-temp-allocator-size-nav-mesh-worker=65536"
    "memorysetup-temp-allocator-size-audio-worker=65536"
    "memorysetup-temp-allocator-size-cloud-worker=32768"
    "memorysetup-temp-allocator-size-gi-baking-worker=262144"
    "memorysetup-temp-allocator-size-gfx=262144"
Refreshing native plugins compatible for Editor in 96.32 ms, found 4 plugins.
Preloading 0 native plugins for Editor in 0.00 ms.
Initialize engine version: 2021.2.12f1 (48b1aa000234)
[Subsystems] Discovering subsystems at path C:/Program Files/Unity/Hub/Editor/2021.2.12f1/Editor/Data/Resources/UnitySubsystems
[Subsystems] Discovering subsystems at path C:/Users/usr/Desktop/Github_Folder/Team_Hitagi_Game/HITAGI Team Game/Assets
GfxDevice: creating device client; threaded=0; jobified=0
Direct3D:
    Version:  Direct3D 11.0 [level 11.1]
    Renderer: AMD Radeon(TM) Graphics (ID=0x1636)
    Vendor:   ATI
    VRAM:     16078 MB
    Driver:   31.0.12016.3004
Initialize mono
Mono path[0] = 'C:/Program Files/Unity/Hub/Editor/2021.2.12f1/Editor/Data/Managed'
Mono path[1] = 'C:/Program Files/Unity/Hub/Editor/2021.2.12f1/Editor/Data/MonoBleedingEdge/lib/mono/unityjit-win32'
Mono config path = 'C:/Program Files/Unity/Hub/Editor/2021.2.12f1/Editor/Data/MonoBleedingEdge/etc'
Using monoOptions --debugger-agent=transport=dt_socket,embedding=1,server=y,suspend=n,address=127.0.0.1:56344
Begin MonoManager ReloadAssembly
Registering precompiled unity dll's ...
Register platform support module: C:/Program Files/Unity/Hub/Editor/2021.2.12f1/Editor/Data/PlaybackEngines/WindowsStandaloneSupport/UnityEditor.WindowsStandalone.Extensions.dll
Registered in 0.003719 seconds.
Native extension for WindowsStandalone target not found
Refreshing native plugins compatible for Editor in 89.87 ms, found 4 plugins.
Preloading 0 native plugins for Editor in 0.00 ms.
Mono: successfully reloaded assembly
- Completed reload, in  0.678 seconds
Domain Reload Profiling:
	ReloadAssembly (678ms)
		BeginReloadAssembly (78ms)
			ExecutionOrderSort (0ms)
			DisableScriptedObjects (0ms)
			BackupInstance (0ms)
			ReleaseScriptingObjects (0ms)
			CreateAndSetChildDomain (1ms)
		EndReloadAssembly (489ms)
			LoadAssemblies (77ms)
			RebuildTransferFunctionScriptingTraits (0ms)
			SetupTypeCache (112ms)
			ReleaseScriptCaches (0ms)
			RebuildScriptCaches (28ms)
			SetupLoadedEditorAssemblies (299ms)
				LogAssemblyErrors (0ms)
				InitializePlatformSupportModulesInManaged (7ms)
				SetLoadedEditorAssemblies (0ms)
				RefreshPlugins (90ms)
				BeforeProcessingInitializeOnLoad (2ms)
				ProcessInitializeOnLoadAttributes (150ms)
				ProcessInitializeOnLoadMethodAttributes (50ms)
				AfterProcessingInitializeOnLoad (0ms)
				EditorAssembliesLoaded (0ms)
			ExecutionOrderSort2 (0ms)
			AwakeInstancesAfterBackupRestoration (0ms)
Platform modules already initialized, skipping
Registering precompiled user dll's ...
Registered in 0.004965 seconds.
Begin MonoManager ReloadAssembly
Symbol file LoadedFromMemory doesn't match image C:\Users\usr\Desktop\Github_Folder\Team_Hitagi_Game\HITAGI Team Game\Library\PackageCache\com.unity.visualscripting@1.7.6\Editor\VisualScripting.Core\Dependencies\YamlDotNet\Unity.VisualScripting.YamlDotNet.dll
Symbol file LoadedFromMemory doesn't match image C:\Users\usr\Desktop\Github_Folder\Team_Hitagi_Game\HITAGI Team Game\Library\PackageCache\com.unity.visualscripting@1.7.6\Editor\VisualScripting.Core\Dependencies\DotNetZip\Unity.VisualScripting.IonicZip.dll
Native extension for WindowsStandalone target not found
Refreshing native plugins compatible for Editor in 100.27 ms, found 4 plugins.
Preloading 0 native plugins for Editor in 0.00 ms.
Mono: successfully reloaded assembly
- Completed reload, in  1.740 seconds
Domain Reload Profiling:
	ReloadAssembly (1741ms)
		BeginReloadAssembly (116ms)
			ExecutionOrderSort (0ms)
			DisableScriptedObjects (7ms)
			BackupInstance (0ms)
			ReleaseScriptingObjects (0ms)
			CreateAndSetChildDomain (21ms)
		EndReloadAssembly (1495ms)
			LoadAssemblies (94ms)
			RebuildTransferFunctionScriptingTraits (0ms)
			SetupTypeCache (307ms)
			ReleaseScriptCaches (1ms)
			RebuildScriptCaches (65ms)
			SetupLoadedEditorAssemblies (971ms)
				LogAssemblyErrors (0ms)
				InitializePlatformSupportModulesInManaged (7ms)
				SetLoadedEditorAssemblies (0ms)
				RefreshPlugins (100ms)
				BeforeProcessingInitializeOnLoad (93ms)
				ProcessInitializeOnLoadAttributes (731ms)
				ProcessInitializeOnLoadMethodAttributes (34ms)
				AfterProcessingInitializeOnLoad (5ms)
				EditorAssembliesLoaded (0ms)
			ExecutionOrderSort2 (0ms)
			AwakeInstancesAfterBackupRestoration (5ms)
Platform modules already initialized, skipping
========================================================================
Worker process is ready to serve import requests
Launched and connected shader compiler UnityShaderCompiler.exe after 0.04 seconds
Refreshing native plugins compatible for Editor in 0.75 ms, found 4 plugins.
Preloading 0 native plugins for Editor in 0.00 ms.
Unloading 3907 Unused Serialized files (Serialized files now loaded: 0)
Unloading 40 unused Assets / (225.4 KB). Loaded Objects now: 4359.
Memory consumption went from 146.7 MB to 146.5 MB.
Total: 4.983800 ms (FindLiveObjects: 0.707300 ms CreateObjectMapping: 0.452400 ms MarkObjects: 3.627400 ms  DeleteObjects: 0.193800 ms)

AssetImportParameters requested are different than current active one (requested -> active):
  custom:video-decoder-ogg-theora: a1e56fd34408186e4bbccfd4996cb3dc -> 
  custom:container-muxer-webm: aa71ff27fc2769a1b78a27578f13a17b -> 
  custom:container-demuxer-webm: 4f35f7cbe854078d1ac9338744f61a02 -> 
  custom:video-encoder-webm-vp8: eb34c28f22e8b96e1ab97ce403110664 -> 
  custom:audio-encoder-webm-vorbis: bf7c407c2cedff20999df2af8eb42d56 -> 
  custom:framework-win-MediaFoundation: 216162199b28c13a410421893ffa2e32 -> 
  custom:container-demuxer-ogg: 62fdf1f143b41e24485cea50d1cbac27 -> 
  custom:video-decoder-webm-vp8: 9c59270c3fd7afecdb556c50c9e8de78 -> 
  custom:audio-decoder-ogg-vorbis: bf7c407c2cedff20999df2af8eb42d56 -> 
========================================================================
Received Import Request.
  Time since last request: 53866.157291 seconds.
  path: Assets/Scripts/Player_Controller.cs
  artifactKey: Guid(3954b48b1ffb2cb4f93e0698270dbaca) Importer(815301076,1909f56bfc062723c751e8b465ee728b)
Start importing Assets/Scripts/Player_Controller.cs using Guid(3954b48b1ffb2cb4f93e0698270dbaca) Importer(815301076,1909f56bfc062723c751e8b465ee728b)  -> (artifact id: '9363951313531ea851c3ba8040b0e2be') in 0.022272 seconds 
========================================================================
Received Import Request.
  Time since last request: 27.788746 seconds.
  path: Assets/Cobble.png
  artifactKey: Guid(1d0d5030f0553cf478978e9b7873deb0) Importer(815301076,1909f56bfc062723c751e8b465ee728b)
Start importing Assets/Cobble.png using Guid(1d0d5030f0553cf478978e9b7873deb0) Importer(815301076,1909f56bfc062723c751e8b465ee728b)  -> (artifact id: '7cf2f3b870860f4a12291e50dfe6aab2') in 0.087989 seconds 
========================================================================
Received Import Request.
  Time since last request: 27.500212 seconds.
  path: Assets/Materials/Character_No_Ani.mat
  artifactKey: Guid(079c51bd5adabdf418a2f25a9c4adeca) Importer(815301076,1909f56bfc062723c751e8b465ee728b)
Start importing Assets/Materials/Character_No_Ani.mat using Guid(079c51bd5adabdf418a2f25a9c4adeca) Importer(815301076,1909f56bfc062723c751e8b465ee728b)  -> (artifact id: 'ea9a4d4466bd65f0e668cdfa2357452c') in 0.039989 seconds 
========================================================================
Received Prepare
Registering precompiled user dll's ...
Registered in 0.004457 seconds.
Begin MonoManager ReloadAssembly
Symbol file LoadedFromMemory doesn't match image C:\Users\usr\Desktop\Github_Folder\Team_Hitagi_Game\HITAGI Team Game\Library\PackageCache\com.unity.visualscripting@1.7.6\Editor\VisualScripting.Core\Dependencies\YamlDotNet\Unity.VisualScripting.YamlDotNet.dll
Symbol file LoadedFromMemory doesn't match image C:\Users\usr\Desktop\Github_Folder\Team_Hitagi_Game\HITAGI Team Game\Library\PackageCache\com.unity.visualscripting@1.7.6\Editor\VisualScripting.Core\Dependencies\DotNetZip\Unity.VisualScripting.IonicZip.dll
Native extension for WindowsStandalone target not found
Refreshing native plugins compatible for Editor in 0.81 ms, found 4 plugins.
Preloading 0 native plugins for Editor in 0.00 ms.
Mono: successfully reloaded assembly
- Completed reload, in  1.030 seconds
Domain Reload Profiling:
	ReloadAssembly (1031ms)
		BeginReloadAssembly (134ms)
			ExecutionOrderSort (0ms)
			DisableScriptedObjects (5ms)
			BackupInstance (0ms)
			ReleaseScriptingObjects (0ms)
			CreateAndSetChildDomain (42ms)
		EndReloadAssembly (804ms)
			LoadAssemblies (77ms)
			RebuildTransferFunctionScriptingTraits (0ms)
			SetupTypeCache (218ms)
			ReleaseScriptCaches (1ms)
			RebuildScriptCaches (43ms)
			SetupLoadedEditorAssemblies (424ms)
				LogAssemblyErrors (0ms)
				InitializePlatformSupportModulesInManaged (12ms)
				SetLoadedEditorAssemblies (0ms)
				RefreshPlugins (1ms)
				BeforeProcessingInitializeOnLoad (66ms)
				ProcessInitializeOnLoadAttributes (307ms)
				ProcessInitializeOnLoadMethodAttributes (32ms)
				AfterProcessingInitializeOnLoad (6ms)
				EditorAssembliesLoaded (0ms)
			ExecutionOrderSort2 (0ms)
			AwakeInstancesAfterBackupRestoration (10ms)
Platform modules already initialized, skipping
Refreshing native plugins compatible for Editor in 2.24 ms, found 4 plugins.
Preloading 0 native plugins for Editor in 0.00 ms.
Unloading 3902 Unused Serialized files (Serialized files now loaded: 0)
Unloading 27 unused Assets / (192.4 KB). Loaded Objects now: 4403.
Memory consumption went from 151.3 MB to 151.1 MB.
Total: 3.656500 ms (FindLiveObjects: 0.340900 ms CreateObjectMapping: 0.115200 ms MarkObjects: 3.045300 ms  DeleteObjects: 0.153500 ms)

AssetImportParameters requested are different than current active one (requested -> active):
  custom:video-decoder-ogg-theora: a1e56fd34408186e4bbccfd4996cb3dc -> 
  custom:container-muxer-webm: aa71ff27fc2769a1b78a27578f13a17b -> 
  custom:container-demuxer-webm: 4f35f7cbe854078d1ac9338744f61a02 -> 
  custom:video-encoder-webm-vp8: eb34c28f22e8b96e1ab97ce403110664 -> 
  custom:audio-encoder-webm-vorbis: bf7c407c2cedff20999df2af8eb42d56 -> 
  custom:framework-win-MediaFoundation: 216162199b28c13a410421893ffa2e32 -> 
  custom:container-demuxer-ogg: 62fdf1f143b41e24485cea50d1cbac27 -> 
  custom:video-decoder-webm-vp8: 9c59270c3fd7afecdb556c50c9e8de78 -> 
  custom:audio-decoder-ogg-vorbis: bf7c407c2cedff20999df2af8eb42d56 -> 
========================================================================
Received Prepare
Registering precompiled user dll's ...
Registered in 0.004305 seconds.
Begin MonoManager ReloadAssembly
Symbol file LoadedFromMemory doesn't match image C:\Users\usr\Desktop\Github_Folder\Team_Hitagi_Game\HITAGI Team Game\Library\PackageCache\com.unity.visualscripting@1.7.6\Editor\VisualScripting.Core\Dependencies\YamlDotNet\Unity.VisualScripting.YamlDotNet.dll
Symbol file LoadedFromMemory doesn't match image C:\Users\usr\Desktop\Github_Folder\Team_Hitagi_Game\HITAGI Team Game\Library\PackageCache\com.unity.visualscripting@1.7.6\Editor\VisualScripting.Core\Dependencies\DotNetZip\Unity.VisualScripting.IonicZip.dll
Native extension for WindowsStandalone target not found
Refreshing native plugins compatible for Editor in 1.01 ms, found 4 plugins.
Preloading 0 native plugins for Editor in 0.00 ms.
Mono: successfully reloaded assembly
- Completed reload, in  1.241 seconds
Domain Reload Profiling:
	ReloadAssembly (1242ms)
		BeginReloadAssembly (127ms)
			ExecutionOrderSort (0ms)
			DisableScriptedObjects (7ms)
			BackupInstance (0ms)
			ReleaseScriptingObjects (0ms)
			CreateAndSetChildDomain (39ms)
		EndReloadAssembly (1030ms)
			LoadAssemblies (75ms)
			RebuildTransferFunctionScriptingTraits (0ms)
			SetupTypeCache (300ms)
			ReleaseScriptCaches (2ms)
			RebuildScriptCaches (64ms)
			SetupLoadedEditorAssemblies (527ms)
				LogAssemblyErrors (0ms)
				InitializePlatformSupportModulesInManaged (15ms)
				SetLoadedEditorAssemblies (1ms)
				RefreshPlugins (1ms)
				BeforeProcessingInitializeOnLoad (91ms)
				ProcessInitializeOnLoadAttributes (377ms)
				ProcessInitializeOnLoadMethodAttributes (36ms)
				AfterProcessingInitializeOnLoad (7ms)
				EditorAssembliesLoaded (0ms)
			ExecutionOrderSort2 (0ms)
			AwakeInstancesAfterBackupRestoration (11ms)
Platform modules already initialized, skipping
Refreshing native plugins compatible for Editor in 2.87 ms, found 4 plugins.
Preloading 0 native plugins for Editor in 0.00 ms.
Unloading 3902 Unused Serialized files (Serialized files now loaded: 0)
Unloading 27 unused Assets / (192.5 KB). Loaded Objects now: 4405.
Memory consumption went from 151.3 MB to 151.1 MB.
Total: 5.728000 ms (FindLiveObjects: 0.506200 ms CreateObjectMapping: 0.101800 ms MarkObjects: 4.878400 ms  DeleteObjects: 0.237800 ms)

AssetImportParameters requested are different than current active one (requested -> active):
  custom:video-decoder-ogg-theora: a1e56fd34408186e4bbccfd4996cb3dc -> 
  custom:container-muxer-webm: aa71ff27fc2769a1b78a27578f13a17b -> 
  custom:container-demuxer-webm: 4f35f7cbe854078d1ac9338744f61a02 -> 
  custom:video-encoder-webm-vp8: eb34c28f22e8b96e1ab97ce403110664 -> 
  custom:audio-encoder-webm-vorbis: bf7c407c2cedff20999df2af8eb42d56 -> 
  custom:framework-win-MediaFoundation: 216162199b28c13a410421893ffa2e32 -> 
  custom:container-demuxer-ogg: 62fdf1f143b41e24485cea50d1cbac27 -> 
  custom:video-decoder-webm-vp8: 9c59270c3fd7afecdb556c50c9e8de78 -> 
  custom:audio-decoder-ogg-vorbis: bf7c407c2cedff20999df2af8eb42d56 -> 
========================================================================
Received Import Request.
  Time since last request: 457.001058 seconds.
  path: Assets/Cobble.png
  artifactKey: Guid(1d0d5030f0553cf478978e9b7873deb0) Importer(815301076,1909f56bfc062723c751e8b465ee728b)
Start importing Assets/Cobble.png using Guid(1d0d5030f0553cf478978e9b7873deb0) Importer(815301076,1909f56bfc062723c751e8b465ee728b)  -> (artifact id: '88385efdcfe4dc2a957062b27dee4a5a') in 0.061278 seconds 
========================================================================
Received Import Request.
  Time since last request: 7.037360 seconds.
  path: Assets/Cobble.asset
  artifactKey: Guid(cc35ddea98c7ef44ea8b2d6486ef28d9) Importer(815301076,1909f56bfc062723c751e8b465ee728b)
Start importing Assets/Cobble.asset using Guid(cc35ddea98c7ef44ea8b2d6486ef28d9) Importer(815301076,1909f56bfc062723c751e8b465ee728b)  -> (artifact id: '122e821b43ddf605c91c9afa67baa6d4') in 0.021222 seconds 
========================================================================
Received Import Request.
  Time since last request: 14.041031 seconds.
  path: Assets/char
  artifactKey: Guid(ed66a66491faa3f42bd634213ac5569b) Importer(815301076,1909f56bfc062723c751e8b465ee728b)
Start importing Assets/char using Guid(ed66a66491faa3f42bd634213ac5569b) Importer(815301076,1909f56bfc062723c751e8b465ee728b)  -> (artifact id: 'd92c2d2d000ab4deb376b06a623b2853') in 0.008735 seconds 
========================================================================
Received Import Request.
  Time since last request: 18.499750 seconds.
  path: Assets/Scenes
  artifactKey: Guid(131a6b21c8605f84396be9f6751fb6e3) Importer(815301076,1909f56bfc062723c751e8b465ee728b)
Start importing Assets/Scenes using Guid(131a6b21c8605f84396be9f6751fb6e3) Importer(815301076,1909f56bfc062723c751e8b465ee728b)  -> (artifact id: '2c23e514d24f6b65fe96946cd87fc526') in 0.007940 seconds 
========================================================================
Received Import Request.
  Time since last request: 0.585322 seconds.
  path: Assets/Scenes/SampleScene.unity
  artifactKey: Guid(2cda990e2423bbf4892e6590ba056729) Importer(815301076,1909f56bfc062723c751e8b465ee728b)
Start importing Assets/Scenes/SampleScene.unity using Guid(2cda990e2423bbf4892e6590ba056729) Importer(815301076,1909f56bfc062723c751e8b465ee728b)  -> (artifact id: '6d0ddb4909c0ba4384ff2ce7143705ab') in 0.006960 seconds 
========================================================================
Received Import Request.
  Time since last request: 7.917382 seconds.
  path: Assets/Tile Palletes/Ground.prefab
  artifactKey: Guid(ab1bc6e6c8460b6469fe449160fcd254) Importer(815301076,1909f56bfc062723c751e8b465ee728b)
Start importing Assets/Tile Palletes/Ground.prefab using Guid(ab1bc6e6c8460b6469fe449160fcd254) Importer(815301076,1909f56bfc062723c751e8b465ee728b)  -> (artifact id: '80f53898c254b4ae1ffa1034e6fb954f') in 0.035832 seconds 
========================================================================
Received Import Request.
  Time since last request: 33.549034 seconds.
  path: Assets/Tile Palletes/Ground.prefab
  artifactKey: Guid(ab1bc6e6c8460b6469fe449160fcd254) Importer(815301076,1909f56bfc062723c751e8b465ee728b)
Start importing Assets/Tile Palletes/Ground.prefab using Guid(ab1bc6e6c8460b6469fe449160fcd254) Importer(815301076,1909f56bfc062723c751e8b465ee728b)  -> (artifact id: 'dc4e19391e05574b5566c046c9a48b37') in 0.013940 seconds 
========================================================================
Received Import Request.
  Time since last request: 45.733528 seconds.
  path: Assets/Cobble.png
  artifactKey: Guid(1d0d5030f0553cf478978e9b7873deb0) Importer(815301076,1909f56bfc062723c751e8b465ee728b)
Start importing Assets/Cobble.png using Guid(1d0d5030f0553cf478978e9b7873deb0) Importer(815301076,1909f56bfc062723c751e8b465ee728b)  -> (artifact id: 'c390466bd8d0c87595be4aba93e83fe3') in 0.020016 seconds 
========================================================================
Received Prepare
Registering precompiled user dll's ...
Registered in 0.004411 seconds.
Begin MonoManager ReloadAssembly
Symbol file LoadedFromMemory doesn't match image C:\Users\usr\Desktop\Github_Folder\Team_Hitagi_Game\HITAGI Team Game\Library\PackageCache\com.unity.visualscripting@1.7.6\Editor\VisualScripting.Core\Dependencies\YamlDotNet\Unity.VisualScripting.YamlDotNet.dll
Symbol file LoadedFromMemory doesn't match image C:\Users\usr\Desktop\Github_Folder\Team_Hitagi_Game\HITAGI Team Game\Library\PackageCache\com.unity.visualscripting@1.7.6\Editor\VisualScripting.Core\Dependencies\DotNetZip\Unity.VisualScripting.IonicZip.dll
Native extension for WindowsStandalone target not found
Refreshing native plugins compatible for Editor in 1.11 ms, found 4 plugins.
Preloading 0 native plugins for Editor in 0.00 ms.
Mono: successfully reloaded assembly
- Completed reload, in  1.207 seconds
Domain Reload Profiling:
	ReloadAssembly (1208ms)
		BeginReloadAssembly (123ms)
			ExecutionOrderSort (0ms)
			DisableScriptedObjects (6ms)
			BackupInstance (0ms)
			ReleaseScriptingObjects (0ms)
			CreateAndSetChildDomain (41ms)
		EndReloadAssembly (995ms)
			LoadAssemblies (73ms)
			RebuildTransferFunctionScriptingTraits (0ms)
			SetupTypeCache (258ms)
			ReleaseScriptCaches (2ms)
			RebuildScriptCaches (62ms)
			SetupLoadedEditorAssemblies (528ms)
				LogAssemblyErrors (0ms)
				InitializePlatformSupportModulesInManaged (17ms)
				SetLoadedEditorAssemblies (1ms)
				RefreshPlugins (1ms)
				BeforeProcessingInitializeOnLoad (88ms)
				ProcessInitializeOnLoadAttributes (374ms)
				ProcessInitializeOnLoadMethodAttributes (40ms)
				AfterProcessingInitializeOnLoad (7ms)
				EditorAssembliesLoaded (0ms)
			ExecutionOrderSort2 (0ms)
			AwakeInstancesAfterBackupRestoration (14ms)
Platform modules already initialized, skipping
Refreshing native plugins compatible for Editor in 2.61 ms, found 4 plugins.
Preloading 0 native plugins for Editor in 0.00 ms.
Unloading 3902 Unused Serialized files (Serialized files now loaded: 0)
Unloading 27 unused Assets / (192.3 KB). Loaded Objects now: 4409.
Memory consumption went from 151.3 MB to 151.1 MB.
Total: 5.227500 ms (FindLiveObjects: 0.335400 ms CreateObjectMapping: 0.109000 ms MarkObjects: 4.603600 ms  DeleteObjects: 0.177900 ms)

AssetImportParameters requested are different than current active one (requested -> active):
  custom:video-decoder-ogg-theora: a1e56fd34408186e4bbccfd4996cb3dc -> 
  custom:container-muxer-webm: aa71ff27fc2769a1b78a27578f13a17b -> 
  custom:container-demuxer-webm: 4f35f7cbe854078d1ac9338744f61a02 -> 
  custom:video-encoder-webm-vp8: eb34c28f22e8b96e1ab97ce403110664 -> 
  custom:audio-encoder-webm-vorbis: bf7c407c2cedff20999df2af8eb42d56 -> 
  custom:framework-win-MediaFoundation: 216162199b28c13a410421893ffa2e32 -> 
  custom:container-demuxer-ogg: 62fdf1f143b41e24485cea50d1cbac27 -> 
  custom:video-decoder-webm-vp8: 9c59270c3fd7afecdb556c50c9e8de78 -> 
  custom:audio-decoder-ogg-vorbis: bf7c407c2cedff20999df2af8eb42d56 -> 
========================================================================
Received Import Request.
  Time since last request: 52.968104 seconds.
  path: Assets/Character_No_Ani.png
  artifactKey: Guid(18440741e170d0b43a9f44fcb010de41) Importer(815301076,1909f56bfc062723c751e8b465ee728b)
Start importing Assets/Character_No_Ani.png using Guid(18440741e170d0b43a9f44fcb010de41) Importer(815301076,1909f56bfc062723c751e8b465ee728b)  -> (artifact id: '781337b98e215f28a0960f07080f5cae') in 0.067361 seconds 
========================================================================
Received Import Request.
  Time since last request: 16.197842 seconds.
  path: Assets/Character_No_Ani.png
  artifactKey: Guid(18440741e170d0b43a9f44fcb010de41) Importer(815301076,1909f56bfc062723c751e8b465ee728b)
Start importing Assets/Character_No_Ani.png using Guid(18440741e170d0b43a9f44fcb010de41) Importer(815301076,1909f56bfc062723c751e8b465ee728b)  -> (artifact id: 'e248a7066b7be2ee89fcb58ace7ed772') in 0.021408 seconds 
========================================================================
Received Import Request.
  Time since last request: 174.419033 seconds.
  path: Assets/Aseprite
  artifactKey: Guid(8c46ff5e90011344e94ef058222e6206) Importer(815301076,1909f56bfc062723c751e8b465ee728b)
Start importing Assets/Aseprite using Guid(8c46ff5e90011344e94ef058222e6206) Importer(815301076,1909f56bfc062723c751e8b465ee728b)  -> (artifact id: 'eacd8dfda92635e3152ee15a7cddf518') in 0.007672 seconds 
========================================================================
Received Import Request.
  Time since last request: 3.071074 seconds.
  path: Assets/Materials
  artifactKey: Guid(16003ea81b224da45b7502b83b3e8b98) Importer(815301076,1909f56bfc062723c751e8b465ee728b)
Start importing Assets/Materials using Guid(16003ea81b224da45b7502b83b3e8b98) Importer(815301076,1909f56bfc062723c751e8b465ee728b)  -> (artifact id: '599765431a0d1d96945cd293ba467083') in 0.008122 seconds 
========================================================================
Received Import Request.
  Time since last request: 0.042184 seconds.
  path: Assets/Materials/Character_No_Ani.mat
  artifactKey: Guid(079c51bd5adabdf418a2f25a9c4adeca) Importer(815301076,1909f56bfc062723c751e8b465ee728b)
Start importing Assets/Materials/Character_No_Ani.mat using Guid(079c51bd5adabdf418a2f25a9c4adeca) Importer(815301076,1909f56bfc062723c751e8b465ee728b)  -> (artifact id: '1472b5f110c24560753987d3c10bf24b') in 0.035568 seconds 
